#
# There is insufficient memory for the Java Runtime Environment to continue.
# Native memory allocation (malloc) failed to allocate 769856 bytes for Chunk::new
# Possible reasons:
#   The system is out of physical RAM or swap space
#   In 32 bit mode, the process size limit was hit
# Possible solutions:
#   Reduce memory load on the system
#   Increase physical memory or swap space
#   Check if swap backing store is full
#   Use 64 bit Java on a 64 bit OS
#   Decrease Java heap size (-Xmx/-Xms)
#   Decrease number of Java threads
#   Decrease Java thread stack sizes (-Xss)
#   Set larger code cache with -XX:ReservedCodeCacheSize=
# This output file may be truncated or incomplete.
#
#  Out of Memory Error (allocation.cpp:390), pid=10936, tid=7916
#
# JRE version: Java(TM) SE Runtime Environment (8.0_77-b03) (build 1.8.0_77-b03)
# Java VM: Java HotSpot(TM) 64-Bit Server VM (25.77-b03 mixed mode windows-amd64 compressed oops)
# Failed to write core dump. Minidumps are not enabled by default on client versions of Windows
#

---------------  T H R E A D  ---------------

Current thread (0x0000000056a08000):  JavaThread "C2 CompilerThread1" daemon [_thread_in_native, id=7916, stack(0x0000000058410000,0x0000000058510000)]

Stack: [0x0000000058410000,0x0000000058510000]
[error occurred during error reporting (printing stack bounds), id 0xc0000005]

Native frames: (J=compiled Java code, j=interpreted, Vv=VM code, C=native code)


Current CompileTask:
C2:   2305 1166       4       com.android.dx.ssa.SCCP::simulateBranch (666 bytes)


---------------  P R O C E S S  ---------------

Java Threads: ( => current thread )
  0x0000000056a9c000 JavaThread "Service Thread" daemon [_thread_blocked, id=4216, stack(0x00000000586c0000,0x00000000587c0000)]
  0x0000000056a75800 JavaThread "C1 CompilerThread3" daemon [_thread_blocked, id=6932, stack(0x0000000058520000,0x0000000058620000)]
  0x0000000056a13000 JavaThread "C2 CompilerThread2" daemon [_thread_in_native, id=7872, stack(0x0000000057e60000,0x0000000057f60000)]
=>0x0000000056a08000 JavaThread "C2 CompilerThread1" daemon [_thread_in_native, id=7916, stack(0x0000000058410000,0x0000000058510000)]
  0x0000000056a00800 JavaThread "C2 CompilerThread0" daemon [_thread_in_native, id=8956, stack(0x0000000058190000,0x0000000058290000)]
  0x00000000569ff000 JavaThread "Attach Listener" daemon [_thread_blocked, id=10004, stack(0x0000000057f90000,0x0000000058090000)]
  0x00000000569fe000 JavaThread "Signal Dispatcher" daemon [_thread_blocked, id=5612, stack(0x0000000057bf0000,0x0000000057cf0000)]
  0x0000000055840800 JavaThread "Finalizer" daemon [_thread_blocked, id=7616, stack(0x0000000057d50000,0x0000000057e50000)]
  0x0000000055839800 JavaThread "Reference Handler" daemon [_thread_blocked, id=5464, stack(0x0000000057960000,0x0000000057a60000)]
  0x00000000022c8000 JavaThread "main" [_thread_in_Java, id=11088, stack(0x0000000002650000,0x0000000002750000)]

Other Threads:
  0x00000000569b0800 VMThread [stack: 0x0000000057a70000,0x0000000057b70000] [id=9340]
  0x0000000056a9f800 WatcherThread [stack: 0x00000000588a0000,0x00000000589a0000] [id=10372]

VM state:not at safepoint (normal execution)

VM Mutex/Monitor currently owned by a thread: None

Heap:
 PSYoungGen      total 38400K, used 32216K [0x00000000eab00000, 0x00000000ed580000, 0x0000000100000000)
  eden space 33280K, 96% used [0x00000000eab00000,0x00000000eca762c0,0x00000000ecb80000)
  from space 5120K, 0% used [0x00000000ed080000,0x00000000ed080000,0x00000000ed580000)
  to   space 5120K, 0% used [0x00000000ecb80000,0x00000000ecb80000,0x00000000ed080000)
 ParOldGen       total 87552K, used 0K [0x00000000c0000000, 0x00000000c5580000, 0x00000000eab00000)
  object space 87552K, 0% used [0x00000000c0000000,0x00000000c0000000,0x00000000c5580000)
 Metaspace       used 5814K, capacity 6960K, committed 7040K, reserved 1056768K
  class space    used 579K, capacity 616K, committed 640K, reserved 1048576K

Card table byte_map: [0x0000000011de0000,0x0000000011ff0000] byte_map_base: 0x00000000117e0000

Marking Bits: (ParMarkBitMap*) 0x0000000070210600
 Begin Bits: [0x0000000012c50000, 0x0000000013c50000)
 End Bits:   [0x0000000013c50000, 0x0000000014c50000)

Polling page: 0x0000000000430000

CodeCache: size=245760Kb used=5291Kb max_used=5302Kb free=240468Kb
 bounds [0x0000000002a20000, 0x0000000002f60000, 0x0000000011a20000]
 total_blobs=1601 nmethods=1336 adapters=178
 compilation: enabled

Compilation events (10 events):
Event: 2.291 Thread 0x0000000056a13000 nmethod 1337 0x0000000002f51690 code [0x0000000002f51800, 0x0000000002f51c98]
Event: 2.291 Thread 0x0000000056a13000 1333       4       com.android.dx.dex.code.DalvInsn::setAddress (20 bytes)
Event: 2.291 Thread 0x0000000056a13000 nmethod 1333 0x0000000002efa9d0 code [0x0000000002efab00, 0x0000000002efab78]
Event: 2.291 Thread 0x0000000056a13000 1294       4       com.android.dx.dex.code.ZeroSizeInsn::<init> (12 bytes)
Event: 2.292 Thread 0x0000000056a13000 nmethod 1294 0x0000000002f07e50 code [0x0000000002f07fa0, 0x0000000002f08038]
Event: 2.292 Thread 0x0000000056a13000 1239       4       com.android.dx.rop.code.BasicBlock::getLastInsn (8 bytes)
Event: 2.293 Thread 0x0000000056a13000 nmethod 1239 0x0000000002f4e5d0 code [0x0000000002f4e720, 0x0000000002f4e7f8]
Event: 2.293 Thread 0x0000000056a13000 1290       4       com.android.dx.rop.type.Type::isCategory2 (36 bytes)
Event: 2.294 Thread 0x0000000056a13000 nmethod 1290 0x0000000002eba590 code [0x0000000002eba6c0, 0x0000000002eba738]
Event: 2.294 Thread 0x0000000056a13000 1231       4       com.android.dx.dex.code.OutputFinisher::addConstants (68 bytes)

GC Heap History (0 events):
No events

Deoptimization events (10 events):
Event: 2.202 Thread 0x00000000022c8000 Uncommon trap: reason=bimorphic action=maybe_recompile pc=0x0000000002e36930 method=java.util.HashMap.getNode(ILjava/lang/Object;)Ljava/util/HashMap$Node; @ 126
Event: 2.202 Thread 0x00000000022c8000 Uncommon trap: reason=bimorphic action=maybe_recompile pc=0x0000000002bf6990 method=java.util.HashMap.getNode(ILjava/lang/Object;)Ljava/util/HashMap$Node; @ 126
Event: 2.253 Thread 0x00000000022c8000 Uncommon trap: reason=speculate_class_check action=maybe_recompile pc=0x0000000002d6c388 method=com.android.dx.util.FixedSizeList.equals(Ljava/lang/Object;)Z @ 25
Event: 2.253 Thread 0x00000000022c8000 Uncommon trap: reason=class_check action=maybe_recompile pc=0x0000000002d5c5c4 method=java.util.Arrays.equals([Ljava/lang/Object;[Ljava/lang/Object;)Z @ 62
Event: 2.253 Thread 0x00000000022c8000 Uncommon trap: reason=speculate_class_check action=maybe_recompile pc=0x0000000002d6c388 method=com.android.dx.util.FixedSizeList.equals(Ljava/lang/Object;)Z @ 25
Event: 2.253 Thread 0x00000000022c8000 Uncommon trap: reason=class_check action=maybe_recompile pc=0x0000000002d5c5c4 method=java.util.Arrays.equals([Ljava/lang/Object;[Ljava/lang/Object;)Z @ 62
Event: 2.253 Thread 0x00000000022c8000 Uncommon trap: reason=speculate_class_check action=maybe_recompile pc=0x0000000002d6c388 method=com.android.dx.util.FixedSizeList.equals(Ljava/lang/Object;)Z @ 25
Event: 2.253 Thread 0x00000000022c8000 Uncommon trap: reason=class_check action=maybe_recompile pc=0x0000000002d5c5c4 method=java.util.Arrays.equals([Ljava/lang/Object;[Ljava/lang/Object;)Z @ 62
Event: 2.253 Thread 0x00000000022c8000 Uncommon trap: reason=speculate_class_check action=maybe_recompile pc=0x0000000002d6c388 method=com.android.dx.util.FixedSizeList.equals(Ljava/lang/Object;)Z @ 25
Event: 2.253 Thread 0x00000000022c8000 Uncommon trap: reason=class_check action=maybe_recompile pc=0x0000000002d5c5c4 method=java.util.Arrays.equals([Ljava/lang/Object;[Ljava/lang/Object;)Z @ 62

Internal exceptions (4 events):
Event: 0.056 Thread 0x00000000022c8000 Exception <a 'java/lang/NoSuchMethodError': Method sun.misc.Unsafe.defineClass(Ljava/lang/String;[BII)Ljava/lang/Class; name or signature does not match> (0x00000000eab07cc0) thrown at [D:\re\workspace\8-2-build-windows-amd64-cygwin\jdk8u77\6540\hotspot\sr Â¢Åì¬?
Event: 0.056 Thread 0x00000000022c8000 Exception <a 'java/lang/NoSuchMethodError': Method sun.misc.Unsafe.prefetchRead(Ljava/lang/Object;J)V name or signature does not match> (0x00000000eab07fa8) thrown at [D:\re\workspace\8-2-build-windows-amd64-cygwin\jdk8u77\6540\hotspot\src\share\vm\prims\jÜ&jegGù?
Event: 1.580 Thread 0x00000000022c8000 Implicit null exception at 0x0000000002dd4e52 to 0x0000000002dd4f42
Event: 2.035 Thread 0x00000000022c8000 Implicit null exception at 0x0000000002d55d49 to 0x0000000002d5691d

Events (10 events):
Event: 2.253 Thread 0x00000000022c8000 Uncommon trap: trap_request=0xffffff76 fr.pc=0x0000000002d6c388
Event: 2.253 Thread 0x00000000022c8000 DEOPT PACKING pc=0x0000000002d6c388 sp=0x000000000274ea20
Event: 2.253 Thread 0x00000000022c8000 DEOPT UNPACKING pc=0x0000000002a6582a sp=0x000000000274e9e0 mode 2
Event: 2.253 Thread 0x00000000022c8000 Uncommon trap: trap_request=0xffffffde fr.pc=0x0000000002d5c5c4
Event: 2.253 Thread 0x00000000022c8000 DEOPT PACKING pc=0x0000000002d5c5c4 sp=0x000000000274e9b0
Event: 2.253 Thread 0x00000000022c8000 DEOPT UNPACKING pc=0x0000000002a6582a sp=0x000000000274e950 mode 2
Event: 2.253 loading class com/android/dx/dex/code/CatchTable$Entry
Event: 2.253 loading class com/android/dx/dex/code/CatchTable$Entry done
Event: 2.254 loading class com/android/dx/util/ByteArrayAnnotatedOutput
Event: 2.254 loading class com/android/dx/util/ByteArrayAnnotatedOutput done


Dynamic libraries:
0x000000013f790000 - 0x000000013f7c7000 	C:\Program Files\Java\jdk1.8.0_77\bin\java.exe
0x0000000076e30000 - 0x0000000076fda000 	C:\Windows\SYSTEM32\ntdll.dll
0x0000000076c10000 - 0x0000000076d2f000 	C:\Windows\system32\kernel32.dll
0x000007fefcc40000 - 0x000007fefccab000 	C:\Windows\system32\KERNELBASE.dll
0x000007fefe360000 - 0x000007fefe43b000 	C:\Windows\system32\ADVAPI32.dll
0x000007fefcf70000 - 0x000007fefd00f000 	C:\Windows\system32\msvcrt.dll
0x000007fefe040000 - 0x000007fefe05f000 	C:\Windows\SYSTEM32\sechost.dll
0x000007fefd120000 - 0x000007fefd24d000 	C:\Windows\system32\RPCRT4.dll
0x0000000076d30000 - 0x0000000076e2a000 	C:\Windows\system32\USER32.dll
0x000007fefe060000 - 0x000007fefe0c7000 	C:\Windows\system32\GDI32.dll
0x000007fefe140000 - 0x000007fefe14e000 	C:\Windows\system32\LPK.dll
0x000007fefe9a0000 - 0x000007fefea6a000 	C:\Windows\system32\USP10.dll
0x000007fefb420000 - 0x000007fefb614000 	C:\Windows\WinSxS\amd64_microsoft.windows.common-controls_6595b64144ccf1df_6.0.7601.18837_none_fa3b1e3d17594757\COMCTL32.dll
0x000007feff020000 - 0x000007feff091000 	C:\Windows\system32\SHLWAPI.dll
0x000007fefea70000 - 0x000007fefea9e000 	C:\Windows\system32\IMM32.DLL
0x000007fefd010000 - 0x000007fefd119000 	C:\Windows\system32\MSCTF.dll
0x000007fefcae0000 - 0x000007fefcb20000 	C:\Windows\system32\nvinitx.dll
0x0000000079680000 - 0x0000000079752000 	C:\Program Files\Java\jdk1.8.0_77\jre\bin\msvcr100.dll
0x000000006fa00000 - 0x0000000070290000 	C:\Program Files\Java\jdk1.8.0_77\jre\bin\server\jvm.dll
0x000007fef5420000 - 0x000007fef5429000 	C:\Windows\system32\WSOCK32.dll
0x000007fefe0f0000 - 0x000007fefe13d000 	C:\Windows\system32\WS2_32.dll
0x000007fefebc0000 - 0x000007fefebc8000 	C:\Windows\system32\NSI.dll
0x000007fef9530000 - 0x000007fef956b000 	C:\Windows\system32\WINMM.dll
0x000007fefbbe0000 - 0x000007fefbbec000 	C:\Windows\system32\VERSION.dll
0x0000000076ff0000 - 0x0000000076ff7000 	C:\Windows\system32\PSAPI.DLL
0x000000006e460000 - 0x000000006e46f000 	C:\Program Files\Java\jdk1.8.0_77\jre\bin\verify.dll
0x0000000062eb0000 - 0x0000000062ed9000 	C:\Program Files\Java\jdk1.8.0_77\jre\bin\java.dll
0x0000000062e90000 - 0x0000000062ea6000 	C:\Program Files\Java\jdk1.8.0_77\jre\bin\zip.dll
0x000007fefd250000 - 0x000007fefdfda000 	C:\Windows\system32\SHELL32.dll
0x000007fefe150000 - 0x000007fefe353000 	C:\Windows\system32\ole32.dll
0x000007fefcbc0000 - 0x000007fefcbcf000 	C:\Windows\system32\profapi.dll

VM Arguments:
jvm_args: -Djava.awt.headless=true -Xmx1024M -Dfile.encoding=windows-1252 -Duser.country=CH -Duser.language=de -Duser.variant 
java_command: com.android.dx.command.Main --dex --output E:\02_Git\IoTmeetsBusiness\Android\IoTmeetsBusiness\app\build\intermediates\pre-dexed\debug\tubesock-0.0.12_823739a1700d0b5aea5acfb0417eb5ede3ed4194.jar C:\Users\sa005\.gradle\caches\modules-2\files-2.1\com.firebase\tubesock\0.0.12\6ec0bbd3e161a73ed672284b587fd32309a86d7a\tubesock-0.0.12.jar
java_class_path (initial): E:\Android\sdk\build-tools\22.0.1\lib\dx.jar
Launcher Type: SUN_STANDARD

Environment Variables:
JAVA_HOME=C:\Program Files\Java\jdk1.8.0_77
PATH=C:\Program Files\Common Files\Siemens\Automation\Simatic OAM\bin;C:\ProgramData\Oracle\Java\javapath;C:\Program Files (x86)\Common Files\Siemens\bin;C:\Program Files (x86)\Common Files\Siemens\Sqlany;C:\Program Files (x86)\Siemens\Step7\S7bin;C:\Program Files\Common Files\Microsoft Shared\Windows Live;C:\Program Files (x86)\Common Files\Microsoft Shared\Windows Live;C:\Windows\system32;C:\Windows;C:\Windows\System32\Wbem;C:\Windows\System32\WindowsPowerShell\v1.0\;C:\Program Files\PuTTY;C:\Program Files\TortoiseSVN\bin;C:\Windows\system32\php;C:\Program Files (x86)\7-Zip;C:\Program Files (x86)\PKWARE\pkzipc;c:\Program Files (x86)\Microsoft SQL Server\90\Tools\binn\;C:\Program Files (x86)\Intel\Services\IPT\;C:\Program Files\nodejs\;C:\Program Files\Eclipse Foundation\4.4.2\eclipse;C:\tools\mingw64\bin;C:\tools\mingw64\msys\1.0\bin;C:\Program Files (x86)\Heroku\bin;C:\Program Files (x86)\git\cmd;C:\Users\sa005\AppData\Roaming\npm;C:\ProgramData\chocolatey\bin;C:\tools\mingw64\bin;
USERNAME=sa005
OS=Windows_NT
PROCESSOR_IDENTIFIER=Intel64 Family 6 Model 42 Stepping 7, GenuineIntel



---------------  S Y S T E M  ---------------

OS: Windows 7 , 64 bit Build 7601 (6.1.7601.19160)

CPU:total 8 (4 cores per cpu, 2 threads per core) family 6 model 42 stepping 7, cmov, cx8, fxsr, mmx, sse, sse2, sse3, ssse3, sse4.1, sse4.2, popcnt, avx, aes, clmul, ht, tsc, tscinvbit

Memory: 4k page, physical 8269040k(1567200k free), swap 8267204k(5164k free)

vm_info: Java HotSpot(TM) 64-Bit Server VM (25.77-b03) for windows-amd64 JRE (1.8.0_77-b03), built on Mar 20 2016 22:01:33 by "java_re" with MS VC++ 10.0 (VS2010)

time: Mon Apr 18 09:25:30 2016
elapsed time: 2 seconds (0d 0h 0m 2s)

